2023-07-24 14:57:50.890 [info] Using settings sync service https://vscode-sync.trafficmanager.net/
2023-07-24 14:57:50.890 [info] Auto Sync is enabled.
2023-07-24 14:57:50.890 [info] Auto Sync: Suspended until auth token is available.
2023-07-24 14:57:52.010 [info] Deleting non existing profile from backup /home/thor/.config/Code/User/sync/extensions
2023-07-24 14:57:52.021 [info] Deleting non existing profile from backup /home/thor/.config/Code/User/sync/globalState
2023-07-24 14:57:52.025 [info] Deleting non existing profile from backup /home/thor/.config/Code/User/sync/keybindings
2023-07-24 14:57:52.053 [info] Deleting non existing profile from backup /home/thor/.config/Code/User/sync/profiles
2023-07-24 14:57:52.061 [info] Deleting non existing profile from backup /home/thor/.config/Code/User/sync/settings
2023-07-24 14:57:52.078 [info] Deleting non existing profile from backup /home/thor/.config/Code/User/sync/snippets
2023-07-24 14:57:52.086 [info] Deleting non existing profile from backup /home/thor/.config/Code/User/sync/tasks
2023-07-24 14:57:52.270 [info] Auto Sync: Triggered by Interval
2023-07-24 14:57:52.275 [info] Sync started.
2023-07-24 14:57:52.817 [info] Settings: Last sync resource does not exist locally.
2023-07-24 14:57:52.979 [info] Settings: No changes found during synchronizing settings.
2023-07-24 14:57:52.984 [info] Keybindings: Last sync resource does not exist locally.
2023-07-24 14:57:53.259 [info] Keybindings: No changes found during synchronizing keybindings.
2023-07-24 14:57:53.363 [info] Snippets: Last sync resource does not exist locally.
2023-07-24 14:57:53.508 [info] Snippets: No changes found during synchronizing snippets.
2023-07-24 14:57:53.511 [info] Tasks: Last sync resource does not exist locally.
2023-07-24 14:57:53.694 [info] Tasks: No changes found during synchronizing tasks.
2023-07-24 14:57:53.704 [info] GlobalState: Last sync resource does not exist locally.
2023-07-24 14:57:54.053 [info] GlobalState: No changes found during synchronizing ui state.
2023-07-24 14:57:54.074 [info] Extensions: Last sync resource does not exist locally.
2023-07-24 14:57:54.312 [info] Extensions: No changes found during synchronizing extensions.
2023-07-24 14:57:54.316 [info] Profiles: Last sync resource does not exist locally.
2023-07-24 14:57:54.454 [info] Profiles: No changes found during synchronizing profiles.
2023-07-24 14:57:54.459 [info] Sync done. Took 2190ms
