2023-08-26 15:04:23.629 [info] Reading sessions from secret storage...
2023-08-26 15:04:23.629 [info] Got 0 stored sessions
2023-08-26 15:04:23.629 [info] Getting sessions for all scopes...
2023-08-26 15:04:23.629 [info] Got 0 sessions for all scopes...
2023-08-26 15:04:23.629 [info] Getting sessions for the following scopes: email offline_access openid profile
2023-08-26 15:04:23.629 [info] Got 0 sessions for scopes: email offline_access openid profile
2023-08-26 15:04:44.832 [info] Logging in for the following scopes: email offline_access openid profile
2023-08-26 15:05:09.492 [info] Exchanging login code for token for scopes: email offline_access openid profile
2023-08-26 15:05:09.780 [info] Exchanging login code for token (for scopes: email offline_access openid profile) succeeded!
2023-08-26 15:05:09.780 [info] Setting token for scopes: email offline_access openid profile
2023-08-26 15:05:09.780 [info] Login successful for scopes: email offline_access openid profile
2023-08-26 15:05:09.780 [info] Token available from cache (for scopes email offline_access openid profile), expires in 3781999 milliseconds
2023-08-26 15:05:09.790 [info] Getting sessions for the following scopes: email offline_access openid profile
2023-08-26 15:05:09.790 [info] Got 1 sessions for scopes: email offline_access openid profile
2023-08-26 15:05:09.790 [info] Token available from cache (for scopes email offline_access openid profile), expires in 3781989 milliseconds
2023-08-26 15:05:09.791 [info] Getting sessions for the following scopes: email offline_access openid profile
2023-08-26 15:05:09.791 [info] Got 1 sessions for scopes: email offline_access openid profile
2023-08-26 15:05:09.791 [info] Token available from cache (for scopes email offline_access openid profile), expires in 3781989 milliseconds
2023-08-26 15:05:21.420 [info] Stored token for scopes: email offline_access openid profile
2023-08-26 15:06:44.797 [info] Getting sessions for the following scopes: email offline_access openid profile
2023-08-26 15:06:44.797 [info] Got 1 sessions for scopes: email offline_access openid profile
2023-08-26 15:06:44.797 [info] Token available from cache (for scopes email offline_access openid profile), expires in 3686983 milliseconds
