2023-08-26 15:04:23.586 [info] Reading sessions from keychain...
2023-08-26 15:04:23.586 [info] Getting sessions for all scopes...
2023-08-26 15:04:23.586 [info] Got 0 sessions for ...
2023-08-26 15:04:23.586 [info] Getting sessions for user:email...
2023-08-26 15:04:23.586 [info] Got 0 sessions for user:email...
2023-08-26 15:04:23.586 [info] Getting sessions for all scopes...
2023-08-26 15:04:23.586 [info] Got 0 sessions for ...
2023-08-26 15:04:23.612 [info] Getting sessions for all scopes...
2023-08-26 15:04:23.612 [info] Got 0 sessions for ...
2023-08-26 15:04:23.612 [info] Getting sessions for read:user,repo,user:email,workflow...
2023-08-26 15:04:23.612 [info] Got 0 sessions for read:user,repo,user:email,workflow...
2023-08-26 15:04:23.629 [info] Getting sessions for read:user,repo,user:email...
2023-08-26 15:04:23.629 [info] Got 0 sessions for read:user,repo,user:email...
2023-08-26 15:05:09.787 [info] Getting sessions for user:email...
2023-08-26 15:05:09.787 [info] Got 0 sessions for user:email...
2023-08-26 15:05:09.788 [info] Getting sessions for user:email...
2023-08-26 15:05:09.788 [info] Got 0 sessions for user:email...
2023-08-26 15:05:09.791 [info] Getting sessions for read:user,repo,user:email,workflow...
2023-08-26 15:05:09.791 [info] Got 0 sessions for read:user,repo,user:email,workflow...
2023-08-26 15:05:09.797 [info] Getting sessions for read:user,repo,user:email...
2023-08-26 15:05:09.797 [info] Got 0 sessions for read:user,repo,user:email...
2023-08-26 15:05:17.876 [info] Getting sessions for all scopes...
2023-08-26 15:05:17.876 [info] Got 0 sessions for ...
2023-08-26 15:05:43.440 [info] Logging in for the following scopes: read:user repo user:email
2023-08-26 15:05:43.466 [info] Trying without local server... (read:user repo user:email)
2023-08-26 15:06:44.147 [info] Exchanging code for token...
2023-08-26 15:06:44.422 [info] Token exchange success!
2023-08-26 15:06:44.423 [info] Getting user info...
2023-08-26 15:06:44.776 [info] Got account info!
2023-08-26 15:06:44.777 [info] Storing 1 sessions...
2023-08-26 15:06:44.782 [info] Reading sessions from keychain...
2023-08-26 15:06:44.782 [info] Stored 1 sessions!
2023-08-26 15:06:44.782 [info] Login success!
2023-08-26 15:06:44.796 [info] Getting sessions for user:email...
2023-08-26 15:06:44.796 [info] Got stored sessions!
2023-08-26 15:06:44.796 [info] Got 1 verified sessions.
2023-08-26 15:06:44.796 [info] Got 0 sessions for user:email...
2023-08-26 15:06:44.797 [info] Getting sessions for read:user,repo,user:email,workflow...
2023-08-26 15:06:44.797 [info] Got 0 sessions for read:user,repo,user:email,workflow...
2023-08-26 15:06:44.797 [info] Getting sessions for read:user,repo,user:email...
2023-08-26 15:06:44.797 [info] Got 1 sessions for read:user,repo,user:email...
2023-08-26 15:06:44.799 [info] Getting sessions for read:user,repo,user:email...
2023-08-26 15:06:44.799 [info] Got 1 sessions for read:user,repo,user:email...
