2023-08-26 15:04:21.855 [info] Added views:workbench.panel.markers.view in workbench.panel.markers
2023-08-26 15:04:21.855 [info] Added views:workbench.panel.output in workbench.panel.output
2023-08-26 15:04:21.855 [info] Added views:terminal in terminal
2023-08-26 15:04:21.855 [info] Added views:outline in workbench.view.explorer
2023-08-26 15:04:21.855 [info] Added views:workbench.scm in workbench.view.scm
2023-08-26 15:04:21.855 [info] Added views:workbench.view.search in workbench.view.search
2023-08-26 15:04:21.855 [info] Added views:timeline in workbench.view.explorer
2023-08-26 15:04:21.855 [info] Added views:workbench.explorer.emptyView in workbench.view.explorer
2023-08-26 15:04:22.149 [info] Added views:workbench.debug.welcome in workbench.view.debug
2023-08-26 15:04:22.876 [info] Added views:pr:github,issues:github in workbench.view.extension.github-pull-requests
2023-08-26 15:04:22.877 [info] Added views:dockerContainers,dockerImages,dockerRegistries,dockerNetworks,dockerVolumes,vscode-docker.views.dockerContexts,vscode-docker.views.help in workbench.view.extension.dockerView
2023-08-26 15:04:22.877 [info] Added views:remoteTargets in workbench.view.remote
2023-08-26 15:04:23.015 [info] Added views:workbench.panel.repl.view in workbench.panel.repl
2023-08-26 15:05:13.798 [info] Removed views:vscode-docker.views.help,vscode-docker.views.dockerContexts,dockerVolumes,dockerNetworks,dockerRegistries,dockerImages,dockerContainers from workbench.view.extension.dockerView
2023-08-26 15:05:13.804 [info] Added views:dockerContainers,dockerImages,dockerRegistries,dockerNetworks,dockerVolumes,vscode-docker.views.dockerContexts,vscode-docker.views.help in workbench.view.explorer
2023-08-26 15:05:13.805 [info] Removed views:vscode-docker.views.help,vscode-docker.views.dockerContexts,dockerVolumes,dockerNetworks,dockerRegistries,dockerImages,dockerContainers from workbench.view.explorer
2023-08-26 15:05:17.528 [info] Added views:gitlens.views.home,gitlens.views.workspaces,gitlens.views.account in workbench.view.extension.gitlens
2023-08-26 15:05:17.529 [info] Added views:gitlens.views.commitDetails,gitlens.views.lineHistory,gitlens.views.fileHistory,gitlens.views.searchAndCompare in workbench.view.extension.gitlensInspect
2023-08-26 15:05:17.530 [info] Added views:gitlens.views.commits,gitlens.views.branches,gitlens.views.remotes,gitlens.views.stashes,gitlens.views.tags,gitlens.views.contributors in workbench.view.scm
2023-08-26 15:05:17.729 [info] Removed views:gitlens.views.workspaces from workbench.view.extension.gitlens
2023-08-26 15:05:17.736 [info] Removed views:gitlens.views.searchAndCompare,gitlens.views.fileHistory,gitlens.views.lineHistory,gitlens.views.commitDetails from workbench.view.extension.gitlensInspect
2023-08-26 15:05:17.740 [info] Removed views:gitlens.views.contributors,gitlens.views.tags,gitlens.views.stashes,gitlens.views.remotes,gitlens.views.branches,gitlens.views.commits from workbench.view.scm
2023-08-26 15:07:18.783 [info] Added views:workbench.views.extensions.installed,workbench.views.extensions.popular,extensions.recommendedList in workbench.view.extensions
2023-08-26 15:07:18.784 [info] Removed views:workbench.views.extensions.popular from workbench.view.extensions
