2023-07-24 15:58:44.008 [info] Extension host with pid 11441 started
2023-07-24 15:58:44.294 [info] ExtensionService#_doActivateExtension vscode.emmet, startup: false, activationEvent: 'onLanguage'
2023-07-24 15:58:44.474 [info] ExtensionService#_doActivateExtension vscode.git-base, startup: true, activationEvent: '*', root cause: vscode.git
2023-07-24 15:58:44.476 [info] ExtensionService#_doActivateExtension jaspernorth.vscode-pigments, startup: true, activationEvent: '*'
2023-07-24 15:58:44.478 [info] ExtensionService#_doActivateExtension lihui.vs-color-picker, startup: true, activationEvent: '*'
2023-07-24 15:58:44.478 [info] ExtensionService#_doActivateExtension naumovs.color-highlight, startup: true, activationEvent: '*'
2023-07-24 15:58:44.507 [info] ExtensionService#_doActivateExtension vscode.git, startup: true, activationEvent: '*'
2023-07-24 15:58:44.555 [info] ExtensionService#_doActivateExtension vscode.github, startup: true, activationEvent: '*'
2023-07-24 15:58:44.631 [info] Eager extensions activated
2023-07-24 15:58:44.649 [info] ExtensionService#_doActivateExtension vscode.debug-auto-launch, startup: false, activationEvent: 'onStartupFinished'
2023-07-24 15:58:44.650 [info] ExtensionService#_doActivateExtension vscode.merge-conflict, startup: false, activationEvent: 'onStartupFinished'
2023-07-24 15:58:44.657 [info] ExtensionService#_doActivateExtension vscode.github-authentication, startup: false, activationEvent: 'onStartupFinished', root cause: GitHub.vscode-pull-request-github
2023-07-24 15:58:44.668 [info] ExtensionService#_doActivateExtension ms-vscode-remote.remote-wsl, startup: false, activationEvent: 'onStartupFinished'
2023-07-24 15:58:44.686 [info] ExtensionService#_doActivateExtension ritwickdey.LiveServer, startup: false, activationEvent: 'onStartupFinished'
2023-07-24 15:58:44.690 [info] ExtensionService#_doActivateExtension SeyyedKhandon.firacode, startup: false, activationEvent: 'onStartupFinished'
2023-07-24 15:58:44.741 [info] ExtensionService#_doActivateExtension GitHub.vscode-pull-request-github, startup: false, activationEvent: 'onStartupFinished'
2023-07-24 15:58:45.203 [info] ExtensionService#_doActivateExtension vscode.microsoft-authentication, startup: false, activationEvent: 'onAuthenticationRequest:microsoft'
2023-07-24 15:58:46.016 [error] Error: Git model not found
	at s.getAPI (/usr/share/code/resources/app/extensions/git/dist/main.js:2:1140934)
	at new Ul (/home/thor/.vscode/extensions/github.vscode-pull-request-github-0.68.1/dist/extension.js:1772:27151)
	at Ul.createProvider (/home/thor/.vscode/extensions/github.vscode-pull-request-github-0.68.1/dist/extension.js:1772:27888)
	at async rg (/home/thor/.vscode/extensions/github.vscode-pull-request-github-0.68.1/dist/extension.js:1772:33952)
	at async Pp (/home/thor/.vscode/extensions/github.vscode-pull-request-github-0.68.1/dist/extension.js:1835:5584)
	at async T0 (/home/thor/.vscode/extensions/github.vscode-pull-request-github-0.68.1/dist/extension.js:1835:6689)
2023-07-24 15:58:46.678 [info] ExtensionService#_doActivateExtension vscode.json-language-features, startup: false, activationEvent: 'onLanguage:jsonc'
2023-07-24 15:58:46.688 [info] ExtensionService#_doActivateExtension vscode.typescript-language-features, startup: false, activationEvent: 'onLanguage:jsonc'
2023-07-24 16:00:05.883 [info] ExtensionService#_doActivateExtension Janne252.fontawesome-autocomplete, startup: false, activationEvent: '*'
2023-07-24 16:00:36.883 [info] Extension host terminating: renderer closed the MessagePort
2023-07-24 16:00:36.898 [error] An error occurred when deactivating the extension 'SeyyedKhandon.firacode':
2023-07-24 16:00:36.898 [error] TypeError: Cannot read properties of undefined (reading 'extension')
	at deactivateFiraCode (/home/thor/.vscode/extensions/seyyedkhandon.firacode-2.2.1/out/util.js:53:27)
	at Object.deactivate (/home/thor/.vscode/extensions/seyyedkhandon.firacode-2.2.1/out/extension.js:26:35)
	at i.Z (/usr/share/code/resources/app/out/vs/workbench/api/node/extensionHostProcess.js:113:10175)
	at /usr/share/code/resources/app/out/vs/workbench/api/node/extensionHostProcess.js:113:8332
	at Array.map (<anonymous>)
	at i.S (/usr/share/code/resources/app/out/vs/workbench/api/node/extensionHostProcess.js:113:8319)
	at i.terminate (/usr/share/code/resources/app/out/vs/workbench/api/node/extensionHostProcess.js:113:8591)
	at u.terminate (/usr/share/code/resources/app/out/vs/workbench/api/node/extensionHostProcess.js:117:1532)
	at E (/usr/share/code/resources/app/out/vs/workbench/api/node/extensionHostProcess.js:127:32236)
	at MessagePortMain.<anonymous> (/usr/share/code/resources/app/out/vs/workbench/api/node/extensionHostProcess.js:127:28665)
	at MessagePortMain.emit (node:events:513:28)
	at MessagePortMain._internalPort.emit (node:electron/js2c/utility_init:2:367)
2023-07-24 16:00:36.898 [error] Canceled: Canceled
	at new h (/usr/share/code/resources/app/out/vs/workbench/api/node/extensionHostProcess.js:99:42413)
	at t.O (/usr/share/code/resources/app/out/vs/workbench/api/node/extensionHostProcess.js:111:11236)
	at U.<computed>.q.charCodeAt.U.<computed> (/usr/share/code/resources/app/out/vs/workbench/api/node/extensionHostProcess.js:111:8675)
	at e.$vL.g (/usr/share/code/resources/app/out/vs/workbench/api/node/extensionHostProcess.js:99:63549)
	at e.$vL.executeCommand (/usr/share/code/resources/app/out/vs/workbench/api/node/extensionHostProcess.js:99:62973)
	at P.registerCommand.description (/usr/share/code/resources/app/out/vs/workbench/api/node/extensionHostProcess.js:99:62280)
	at e.$vL.h (/usr/share/code/resources/app/out/vs/workbench/api/node/extensionHostProcess.js:99:64085)
	at e.$vL.g (/usr/share/code/resources/app/out/vs/workbench/api/node/extensionHostProcess.js:99:63073)
	at e.$vL.executeCommand (/usr/share/code/resources/app/out/vs/workbench/api/node/extensionHostProcess.js:99:62973)
	at Object.executeCommand (/usr/share/code/resources/app/out/vs/workbench/api/node/extensionHostProcess.js:117:20971)
	at Gg.reset (/home/thor/.vscode/extensions/github.vscode-pull-request-github-0.68.1/dist/extension.js:1822:2820)
	at Gg.dispose (/home/thor/.vscode/extensions/github.vscode-pull-request-github-0.68.1/dist/extension.js:1822:3059)
	at S (/usr/share/code/resources/app/out/vs/workbench/api/node/extensionHostProcess.js:10:11731)
	at i.Z (/usr/share/code/resources/app/out/vs/workbench/api/node/extensionHostProcess.js:113:10370)
	at /usr/share/code/resources/app/out/vs/workbench/api/node/extensionHostProcess.js:113:8332
	at Array.map (<anonymous>)
	at i.S (/usr/share/code/resources/app/out/vs/workbench/api/node/extensionHostProcess.js:113:8319)
	at i.terminate (/usr/share/code/resources/app/out/vs/workbench/api/node/extensionHostProcess.js:113:8591)
	at u.terminate (/usr/share/code/resources/app/out/vs/workbench/api/node/extensionHostProcess.js:117:1532)
	at E (/usr/share/code/resources/app/out/vs/workbench/api/node/extensionHostProcess.js:127:32236)
	at MessagePortMain.<anonymous> (/usr/share/code/resources/app/out/vs/workbench/api/node/extensionHostProcess.js:127:28665)
	at MessagePortMain.emit (node:events:513:28)
	at MessagePortMain._internalPort.emit (node:electron/js2c/utility_init:2:367) setContext undefined
2023-07-24 16:00:36.917 [info] Extension host with pid 11441 exiting with code 0
